/*C12*/SET SCHEMA PUBLIC
DELETE FROM PRODUTO WHERE ID=2
COMMIT
DELETE FROM PRODUTO WHERE ID=1
INSERT INTO PRODUTO VALUES(1,'Bola',99.99,7)
COMMIT
INSERT INTO PRODUTO VALUES(3,'Teste',2.00,2)
COMMIT
/*C15*/SET SCHEMA PUBLIC
DISCONNECT
/*C21*/SET SCHEMA PUBLIC
DISCONNECT
/*C17*/SET SCHEMA PUBLIC
DISCONNECT
/*C14*/SET SCHEMA PUBLIC
DISCONNECT
/*C20*/SET SCHEMA PUBLIC
DISCONNECT
/*C13*/SET SCHEMA PUBLIC
DISCONNECT
/*C12*/DISCONNECT
/*C18*/SET SCHEMA PUBLIC
DISCONNECT
/*C16*/SET SCHEMA PUBLIC
DISCONNECT
/*C19*/SET SCHEMA PUBLIC
DISCONNECT
